{"image_path": "/shared/workspace/lrv/FairFace/datasets/FairFace/fairface-img-margin025-trainval/train/10949.jpg", "model": "Facellm", "status": "error", "stderr": "2026-01-29 05:26:47.115687: I tensorflow/core/platform/cpu_feature_guard.cc:210] This TensorFlow binary is optimized to use available CPU instructions in performance-critical operations.\nTo enable the following instructions: AVX2 FMA, in other operations, rebuild TensorFlow with the appropriate compiler flags.\nThe image processor of type `Qwen2VLImageProcessor` is now loaded as a fast processor by default, even if the model checkpoint was saved with a slow processor. This is a breaking change and may produce slightly different outputs. To continue using the slow processor, instantiate this class with `use_fast=False`. Note that this behavior will be extended to all models in a future release.\nTraceback (most recent call last):\n  File \"/usr/local/lib/python3.10/dist-packages/huggingface_hub/utils/_http.py\", line 402, in hf_raise_for_status\n    response.raise_for_status()\n  File \"/usr/local/lib/python3.10/dist-packages/requests/models.py\", line 1026, in raise_for_status\n    raise HTTPError(http_error_msg, response=self)\nrequests.exceptions.HTTPError: 504 Server Error: Gateway Time-out for url: https://huggingface.co/api/models/Qwen/Qwen2-VL-2B-Instruct\n\nThe above exception was the direct cause of the following exception:\n\nTraceback (most recent call last):\n  File \"/workspace/inference.py\", line 23, in <module>\n    processor = AutoProcessor.from_pretrained(model_path)\n  File \"/usr/local/lib/python3.10/dist-packages/transformers/models/auto/processing_auto.py\", line 396, in from_pretrained\n    return processor_class.from_pretrained(\n  File \"/usr/local/lib/python3.10/dist-packages/transformers/processing_utils.py\", line 1394, in from_pretrained\n    args = cls._get_arguments_from_pretrained(pretrained_model_name_or_path, **kwargs)\n  File \"/usr/local/lib/python3.10/dist-packages/transformers/processing_utils.py\", line 1453, in _get_arguments_from_pretrained\n    args.append(attribute_class.from_pretrained(pretrained_model_name_or_path, **kwargs))\n  File \"/usr/local/lib/python3.10/dist-packages/transformers/tokenization_utils_base.py\", line 2113, in from_pretrained\n    return cls._from_pretrained(\n  File \"/usr/local/lib/python3.10/dist-packages/transformers/tokenization_utils_base.py\", line 2395, in _from_pretrained\n    tokenizer = cls._patch_mistral_regex(\n  File \"/usr/local/lib/python3.10/dist-packages/transformers/tokenization_utils_base.py\", line 2438, in _patch_mistral_regex\n    if _is_local or is_base_mistral(pretrained_model_name_or_path):\n  File \"/usr/local/lib/python3.10/dist-packages/transformers/tokenization_utils_base.py\", line 2432, in is_base_mistral\n    model = model_info(model_id)\n  File \"/usr/local/lib/python3.10/dist-packages/huggingface_hub/utils/_validators.py\", line 114, in _inner_fn\n    return fn(*args, **kwargs)\n  File \"/usr/local/lib/python3.10/dist-packages/huggingface_hub/hf_api.py\", line 2661, in model_info\n    hf_raise_for_status(r)\n  File \"/usr/local/lib/python3.10/dist-packages/huggingface_hub/utils/_http.py\", line 475, in hf_raise_for_status\n    raise _format(HfHubHTTPError, str(e), response) from e\nhuggingface_hub.errors.HfHubHTTPError: 504 Server Error: Gateway Time-out for url: https://huggingface.co/api/models/Qwen/Qwen2-VL-2B-Instruct\n"}
{"image_path": "/shared/workspace/lrv/FairFace/datasets/FairFace/fairface-img-margin025-trainval/train/11006.jpg", "model": "Facellm", "status": "error", "stderr": "2026-01-29 05:41:02.716891: I tensorflow/core/platform/cpu_feature_guard.cc:210] This TensorFlow binary is optimized to use available CPU instructions in performance-critical operations.\nTo enable the following instructions: AVX2 FMA, in other operations, rebuild TensorFlow with the appropriate compiler flags.\nThe image processor of type `Qwen2VLImageProcessor` is now loaded as a fast processor by default, even if the model checkpoint was saved with a slow processor. This is a breaking change and may produce slightly different outputs. To continue using the slow processor, instantiate this class with `use_fast=False`. Note that this behavior will be extended to all models in a future release.\nTraceback (most recent call last):\n  File \"/usr/local/lib/python3.10/dist-packages/huggingface_hub/utils/_http.py\", line 402, in hf_raise_for_status\n    response.raise_for_status()\n  File \"/usr/local/lib/python3.10/dist-packages/requests/models.py\", line 1026, in raise_for_status\n    raise HTTPError(http_error_msg, response=self)\nrequests.exceptions.HTTPError: 504 Server Error: Gateway Time-out for url: https://huggingface.co/api/models/Qwen/Qwen2-VL-2B-Instruct\n\nThe above exception was the direct cause of the following exception:\n\nTraceback (most recent call last):\n  File \"/workspace/inference.py\", line 23, in <module>\n    processor = AutoProcessor.from_pretrained(model_path)\n  File \"/usr/local/lib/python3.10/dist-packages/transformers/models/auto/processing_auto.py\", line 396, in from_pretrained\n    return processor_class.from_pretrained(\n  File \"/usr/local/lib/python3.10/dist-packages/transformers/processing_utils.py\", line 1394, in from_pretrained\n    args = cls._get_arguments_from_pretrained(pretrained_model_name_or_path, **kwargs)\n  File \"/usr/local/lib/python3.10/dist-packages/transformers/processing_utils.py\", line 1453, in _get_arguments_from_pretrained\n    args.append(attribute_class.from_pretrained(pretrained_model_name_or_path, **kwargs))\n  File \"/usr/local/lib/python3.10/dist-packages/transformers/tokenization_utils_base.py\", line 2113, in from_pretrained\n    return cls._from_pretrained(\n  File \"/usr/local/lib/python3.10/dist-packages/transformers/tokenization_utils_base.py\", line 2395, in _from_pretrained\n    tokenizer = cls._patch_mistral_regex(\n  File \"/usr/local/lib/python3.10/dist-packages/transformers/tokenization_utils_base.py\", line 2438, in _patch_mistral_regex\n    if _is_local or is_base_mistral(pretrained_model_name_or_path):\n  File \"/usr/local/lib/python3.10/dist-packages/transformers/tokenization_utils_base.py\", line 2432, in is_base_mistral\n    model = model_info(model_id)\n  File \"/usr/local/lib/python3.10/dist-packages/huggingface_hub/utils/_validators.py\", line 114, in _inner_fn\n    return fn(*args, **kwargs)\n  File \"/usr/local/lib/python3.10/dist-packages/huggingface_hub/hf_api.py\", line 2661, in model_info\n    hf_raise_for_status(r)\n  File \"/usr/local/lib/python3.10/dist-packages/huggingface_hub/utils/_http.py\", line 475, in hf_raise_for_status\n    raise _format(HfHubHTTPError, str(e), response) from e\nhuggingface_hub.errors.HfHubHTTPError: 504 Server Error: Gateway Time-out for url: https://huggingface.co/api/models/Qwen/Qwen2-VL-2B-Instruct\n"}
256:{"image_path": "/shared/workspace/lrv/FairFace/datasets/FairFace/fairface-img-margin025-trainval/train/10227.jpg", "model": "Facellm", "raw_output": "```json\n{\n\"gender\": \"Female\",\n\"ethnicity\": \"White\",\n\"age_range\": \"10-19\",\n\"confidence\": {\n\"gender\": 0.9,\n\"ethnicity\": 0.9,\n\"age\": 0.9\n}\n}\n```", "status": "ok"}
384:{"image_path": "/shared/workspace/lrv/FairFace/datasets/FairFace/fairface-img-margin025-trainval/train/10342.jpg", "model": "Facellm", "raw_output": "```json\n{\n\"gender\": \"Female\",\n\"ethnicity\": \"Indian\",\n\"age_range\": \"70+\",\n\"confidence\": {\n\"gender\": 0.0,\n\"ethnicity\": 1.0,\n\"age\": 1.0\n}\n}\n```", "status": "ok"}
904:{"image_path": "/shared/workspace/lrv/FairFace/datasets/FairFace/fairface-img-margin025-trainval/train/10810.jpg", "model": "Facellm", "raw_output": "```json\n{\n\"gender\": \"Female\",\n\"ethnicity\": \"Indian\",\n\"age_range\": \"0-2\",\n\"confidence\": {\n\"gender\": 0.0,\n\"ethnicity\": 1.0,\n\"age\": 1.0\n}\n}\n```", "status": "ok"}
933:{"image_path": "/shared/workspace/lrv/FairFace/datasets/FairFace/fairface-img-margin025-trainval/train/10837.jpg", "model": "Facellm", "raw_output": "```json\n{\n\"gender\": \"Female\",\n\"ethnicity\": \"Black\",\n\"age_range\": \"60-69\",\n\"confidence\": {\n\"gender\": 0.0,\n\"ethnicity\": 1.0,\n\"age\": 1.0\n}\n}\n```", "status": "ok"}
944:{"image_path": "/shared/workspace/lrv/FairFace/datasets/FairFace/fairface-img-margin025-trainval/train/10847.jpg", "model": "Facellm", "raw_output": "```json\n{\n\"gender\": \"Female\",\n\"ethnicity\": \"Indian\",\n\"age_range\": \"30-39\",\n\"confidence\": {\n\"gender\": 0.8,\n\"ethnicity\": 0.8,\n\"age\": 0.8\n}\n}\n```", "status": "ok"}
1286:{"image_path": "/shared/workspace/lrv/FairFace/datasets/FairFace/fairface-img-margin025-trainval/train/11154.jpg", "model": "Facellm", "raw_output": "```json\n{\n\"gender\": \"Female\",\n\"ethnicity\": \"Indian\",\n\"age_range\": \"10-19\",\n\"confidence\": {\n\"gender\": 0.8,\n\"ethnicity\": 0.8,\n\"age\": 0.8\n}\n}\n```", "status": "ok"}
1680:{"image_path": "/shared/workspace/lrv/FairFace/datasets/FairFace/fairface-img-margin025-trainval/train/11509.jpg", "model": "Facellm", "raw_output": "```json\n{\n\"gender\": \"Female\",\n\"ethnicity\": \"Indian\",\n\"age_range\": \"0-2\",\n\"confidence\": {\n\"gender\": 0.0,\n\"ethnicity\": 1.0,\n\"age\": 0.0\n}\n}\n```", "status": "ok"}
1769:{"image_path": "/shared/workspace/lrv/FairFace/datasets/FairFace/fairface-img-margin025-trainval/train/1159.jpg", "model": "Facellm", "raw_output": "```json\n{\n\"gender\": \"Female\",\n\"ethnicity\": \"Black\",\n\"age_range\": \"10-19\",\n\"confidence\": {\n\"gender\": 0.9,\n\"ethnicity\": 0.9,\n\"age\": 0.9\n}\n}\n```", "status": "ok"}
2503:{"image_path": "/shared/workspace/lrv/FairFace/datasets/FairFace/fairface-img-margin025-trainval/train/1225.jpg", "model": "Facellm", "raw_output": "```json\n{\n\"gender\": \"Female\",\n\"ethnicity\": \"White\",\n\"age_range\": \"30-39\",\n\"confidence\": {\n\"gender\": 0.9,\n\"ethnicity\": 0.9,\n\"age\": 0.9\n}\n}\n```", "status": "ok"}
2600:{"image_path": "/shared/workspace/lrv/FairFace/datasets/FairFace/fairface-img-margin025-trainval/train/12337.jpg", "model": "Facellm", "raw_output": "```json\n{\n\"gender\": \"Female\",\n\"ethnicity\": \"Indian\",\n\"age_range\": \"30-39\",\n\"confidence\": {\n\"gender\": 0.8,\n\"ethnicity\": 0.8,\n\"age\": 0.8\n}\n}\n```", "status": "ok"}
2794:{"image_path": "/shared/workspace/lrv/FairFace/datasets/FairFace/fairface-img-margin025-trainval/train/12511.jpg", "model": "Facellm", "raw_output": "```json\n{\n\"gender\": \"Female\",\n\"ethnicity\": \"White\",\n\"age_range\": \"30-39\",\n\"confidence\": {\n\"gender\": 0.9,\n\"ethnicity\": 0.9,\n\"age\": 0.9\n}\n}\n```", "status": "ok"}
2870:{"image_path": "/shared/workspace/lrv/FairFace/datasets/FairFace/fairface-img-margin025-trainval/train/12580.jpg", "model": "Facellm", "raw_output": "```json\n{\n\"gender\": \"Female\",\n\"ethnicity\": \"Indian\",\n\"age_range\": \"10-19\",\n\"confidence\": {\n\"gender\": 0.8,\n\"ethnicity\": 0.8,\n\"age\": 0.8\n}\n}\n```", "status": "ok"}
2925:{"image_path": "/shared/workspace/lrv/FairFace/datasets/FairFace/fairface-img-margin025-trainval/train/1263.jpg", "model": "Facellm", "raw_output": "```json\n{\n\"gender\": \"Female\",\n\"ethnicity\": \"Indian\",\n\"age_range\": \"30-39\",\n\"confidence\": {\n\"gender\": 0.8,\n\"ethnicity\": 0.8,\n\"age\": 0.8\n}\n}\n```", "status": "ok"}
2932:{"image_path": "/shared/workspace/lrv/FairFace/datasets/FairFace/fairface-img-margin025-trainval/train/12636.jpg", "model": "Facellm", "raw_output": "```json\n{\n\"gender\": \"Female\",\n\"ethnicity\": \"Indian\",\n\"age_range\": \"70+\",\n\"confidence\": {\n\"gender\": 0.0,\n\"ethnicity\": 1.0,\n\"age\": 1.0\n}\n}\n```", "status": "ok"}